2022-11-11 11:05:27 [main] INFO  b.c.r.t.TwitterToKafkaServiceApplication - Starting TwitterToKafkaServiceApplication using Java 19 on DESKTOP-AM5A4VP with PID 20396 (D:\TI\Event-Driven Microservices Udemy Course\microservices-demo\twitter-to-kafka-service\target\classes started by rodri in D:\TI\Event-Driven Microservices Udemy Course\microservices-demo)
2022-11-11 11:05:27 [main] INFO  b.c.r.t.TwitterToKafkaServiceApplication - No active profile set, falling back to 1 default profile: "default"
2022-11-11 11:05:28 [main] INFO  b.c.r.t.TwitterToKafkaServiceApplication - Started TwitterToKafkaServiceApplication in 1.065 seconds (JVM running for 1.616)
2022-11-11 11:05:28 [main] INFO  b.c.r.t.TwitterToKafkaServiceApplication - TwitterToKafkaService starts
2022-11-11 11:05:28 [main] INFO  b.c.r.t.TwitterToKafkaServiceApplication - [Java, Microservices, Spring, Kafka, Elasticsearch]
2022-11-11 13:10:58 [main] INFO  b.c.r.t.TwitterToKafkaServiceApplication - Starting TwitterToKafkaServiceApplication using Java 19 on DESKTOP-AM5A4VP with PID 1692 (D:\TI\Event-Driven Microservices Udemy Course\microservices-demo\twitter-to-kafka-service\target\classes started by rodri in D:\TI\Event-Driven Microservices Udemy Course\microservices-demo)
2022-11-11 13:10:58 [main] INFO  b.c.r.t.TwitterToKafkaServiceApplication - No active profile set, falling back to 1 default profile: "default"
2022-11-11 13:10:58 [main] INFO  b.c.r.t.TwitterToKafkaServiceApplication - Started TwitterToKafkaServiceApplication in 0.979 seconds (JVM running for 1.524)
2022-11-11 13:10:58 [main] INFO  b.c.r.t.TwitterToKafkaServiceApplication - TwitterToKafkaService starts
2022-11-11 13:10:58 [main] INFO  b.c.r.t.TwitterToKafkaServiceApplication - [Java, Microservices, Spring, Kafka, Elasticsearch]
2022-11-11 13:10:58 [main] INFO  b.c.r.t.TwitterToKafkaServiceApplication - Welcome message: huehuehue brbr
2022-11-11 13:42:23 [main] INFO  b.c.r.t.TwitterToKafkaServiceApplication - Starting TwitterToKafkaServiceApplication using Java 19 on DESKTOP-AM5A4VP with PID 13420 (D:\TI\Event-Driven Microservices Udemy Course\microservices-demo\twitter-to-kafka-service\target\classes started by rodri in D:\TI\Event-Driven Microservices Udemy Course\microservices-demo)
2022-11-11 13:42:23 [main] INFO  b.c.r.t.TwitterToKafkaServiceApplication - No active profile set, falling back to 1 default profile: "default"
2022-11-11 13:42:23 [main] WARN  o.s.c.a.AnnotationConfigApplicationContext - Exception encountered during context initialization - cancelling refresh attempt: org.springframework.beans.factory.UnsatisfiedDependencyException: Error creating bean with name 'twitterToKafkaServiceApplication': Unsatisfied dependency expressed through constructor parameter 1; nested exception is org.springframework.beans.factory.NoSuchBeanDefinitionException: No qualifying bean of type 'br.com.rodrigosieja.twitter_to_kafka.runner.StreamRunner' available: expected at least 1 bean which qualifies as autowire candidate. Dependency annotations: {}
2022-11-11 13:42:23 [main] INFO  o.s.b.a.l.ConditionEvaluationReportLoggingListener - 

Error starting ApplicationContext. To display the conditions report re-run your application with 'debug' enabled.
2022-11-11 13:42:23 [main] ERROR o.s.b.d.LoggingFailureAnalysisReporter - 

***************************
APPLICATION FAILED TO START
***************************

Description:

Parameter 1 of constructor in br.com.rodrigosieja.twitter_to_kafka.TwitterToKafkaServiceApplication required a bean of type 'br.com.rodrigosieja.twitter_to_kafka.runner.StreamRunner' that could not be found.


Action:

Consider defining a bean of type 'br.com.rodrigosieja.twitter_to_kafka.runner.StreamRunner' in your configuration.

2022-11-11 13:43:30 [main] INFO  b.c.r.t.TwitterToKafkaServiceApplication - Starting TwitterToKafkaServiceApplication using Java 19 on DESKTOP-AM5A4VP with PID 13368 (D:\TI\Event-Driven Microservices Udemy Course\microservices-demo\twitter-to-kafka-service\target\classes started by rodri in D:\TI\Event-Driven Microservices Udemy Course\microservices-demo)
2022-11-11 13:43:30 [main] INFO  b.c.r.t.TwitterToKafkaServiceApplication - No active profile set, falling back to 1 default profile: "default"
2022-11-11 13:43:31 [main] INFO  b.c.r.t.TwitterToKafkaServiceApplication - Started TwitterToKafkaServiceApplication in 1.03 seconds (JVM running for 1.536)
2022-11-11 13:43:31 [main] INFO  b.c.r.t.TwitterToKafkaServiceApplication - TwitterToKafkaService starts
2022-11-11 13:43:31 [main] INFO  b.c.r.t.TwitterToKafkaServiceApplication - [Java, Microservices, Spring, Kafka, Elasticsearch]
2022-11-11 13:43:31 [main] INFO  b.c.r.t.TwitterToKafkaServiceApplication - Welcome message: huehuehue brbr
2022-11-11 13:43:31 [main] INFO  o.s.b.a.l.ConditionEvaluationReportLoggingListener - 

Error starting ApplicationContext. To display the conditions report re-run your application with 'debug' enabled.
2022-11-11 13:43:31 [main] ERROR o.s.boot.SpringApplication - Application run failed
java.lang.IllegalStateException: Failed to execute CommandLineRunner
	at org.springframework.boot.SpringApplication.callRunner(SpringApplication.java:774)
	at org.springframework.boot.SpringApplication.callRunners(SpringApplication.java:755)
	at org.springframework.boot.SpringApplication.run(SpringApplication.java:315)
	at org.springframework.boot.SpringApplication.run(SpringApplication.java:1306)
	at org.springframework.boot.SpringApplication.run(SpringApplication.java:1295)
	at br.com.rodrigosieja.twitter_to_kafka.TwitterToKafkaServiceApplication.main(TwitterToKafkaServiceApplication.java:29)
Caused by: java.lang.IllegalStateException: Authentication credentials are missing. See http://twitter4j.org/en/configuration.html for details. See and register at http://apps.twitter.com/
	at twitter4j.TwitterBaseImpl.ensureAuthorizationEnabled(TwitterBaseImpl.java:219)
	at twitter4j.TwitterStreamImpl.filter(TwitterStreamImpl.java:325)
	at br.com.rodrigosieja.twitter_to_kafka.runner.impl.TwitterKafkaStreamRunner.addFilter(TwitterKafkaStreamRunner.java:54)
	at br.com.rodrigosieja.twitter_to_kafka.runner.impl.TwitterKafkaStreamRunner.start(TwitterKafkaStreamRunner.java:40)
	at br.com.rodrigosieja.twitter_to_kafka.TwitterToKafkaServiceApplication.run(TwitterToKafkaServiceApplication.java:38)
	at org.springframework.boot.SpringApplication.callRunner(SpringApplication.java:771)
	... 5 common frames omitted
2022-11-11 13:43:31 [main] INFO  b.c.r.t.r.i.TwitterKafkaStreamRunner - Closing Twitter stream
2022-11-11 13:46:27 [main] INFO  b.c.r.t.TwitterToKafkaServiceApplication - Starting TwitterToKafkaServiceApplication using Java 19 on DESKTOP-AM5A4VP with PID 5304 (D:\TI\Event-Driven Microservices Udemy Course\microservices-demo\twitter-to-kafka-service\target\classes started by rodri in D:\TI\Event-Driven Microservices Udemy Course\microservices-demo)
2022-11-11 13:46:27 [main] INFO  b.c.r.t.TwitterToKafkaServiceApplication - No active profile set, falling back to 1 default profile: "default"
2022-11-11 13:46:27 [main] INFO  b.c.r.t.TwitterToKafkaServiceApplication - Started TwitterToKafkaServiceApplication in 0.975 seconds (JVM running for 1.51)
2022-11-11 13:46:27 [main] INFO  b.c.r.t.TwitterToKafkaServiceApplication - TwitterToKafkaService starts
2022-11-11 13:46:27 [main] INFO  b.c.r.t.TwitterToKafkaServiceApplication - [Java, Microservices, Spring, Kafka, Elasticsearch]
2022-11-11 13:46:27 [main] INFO  b.c.r.t.TwitterToKafkaServiceApplication - Welcome message: huehuehue brbr
2022-11-11 13:46:27 [main] INFO  b.c.r.t.r.i.TwitterKafkaStreamRunner - Started filtering Twitter stream for keywords [Java, Microservices, Spring, Kafka, Elasticsearch]
2022-11-11 13:46:27 [Twitter Stream consumer /  [1][initializing]] INFO  twitter4j.TwitterStreamImpl - Establishing connection.
2022-11-11 13:46:28 [Twitter Stream consumer /  [1][Establishing connection]] INFO  twitter4j.TwitterStreamImpl - 403:The request is understood, but it has been refused. An accompanying error message will explain why. This code is used when requests are being denied due to update limits (https://support.twitter.com/articles/15364-about-twitter-limits-update-api-dm-and-following).
message - You currently have Essential access which includes access to Twitter API v2 endpoints only. If you need access to this endpoint, you’ll need to apply for Elevated access via the Developer Portal. You can learn more here: https://developer.twitter.com/en/docs/twitter-api/getting-started/about-twitter-api#v2-access-leve
code - 453

2022-11-11 13:46:28 [Twitter Stream consumer /  [1][Establishing connection]] WARN  twitter4j.TwitterStreamImpl - This account is not in required role. 403:The request is understood, but it has been refused. An accompanying error message will explain why. This code is used when requests are being denied due to update limits (https://support.twitter.com/articles/15364-about-twitter-limits-update-api-dm-and-following).
message - You currently have Essential access which includes access to Twitter API v2 endpoints only. If you need access to this endpoint, you’ll need to apply for Elevated access via the Developer Portal. You can learn more here: https://developer.twitter.com/en/docs/twitter-api/getting-started/about-twitter-api#v2-access-leve
code - 453

2022-11-11 13:46:28 [SpringApplicationShutdownHook] INFO  b.c.r.t.r.i.TwitterKafkaStreamRunner - Closing Twitter stream
2022-11-11 14:03:28 [main] INFO  b.c.r.t.TwitterToKafkaServiceApplication - Starting TwitterToKafkaServiceApplication using Java 19 on DESKTOP-AM5A4VP with PID 21996 (D:\TI\Event-Driven Microservices Udemy Course\microservices-demo\twitter-to-kafka-service\target\classes started by rodri in D:\TI\Event-Driven Microservices Udemy Course\microservices-demo)
2022-11-11 14:03:28 [main] INFO  b.c.r.t.TwitterToKafkaServiceApplication - No active profile set, falling back to 1 default profile: "default"
2022-11-11 14:03:29 [main] INFO  b.c.r.t.TwitterToKafkaServiceApplication - Started TwitterToKafkaServiceApplication in 0.998 seconds (JVM running for 1.522)
2022-11-11 14:03:29 [main] INFO  b.c.r.t.TwitterToKafkaServiceApplication - TwitterToKafkaService starts
2022-11-11 14:03:29 [main] INFO  b.c.r.t.TwitterToKafkaServiceApplication - [Java, Microservices, Spring, Kafka, Elasticsearch]
2022-11-11 14:03:29 [main] INFO  b.c.r.t.TwitterToKafkaServiceApplication - Welcome message: huehuehue brbr
2022-11-11 14:03:29 [main] INFO  o.s.b.a.l.ConditionEvaluationReportLoggingListener - 

Error starting ApplicationContext. To display the conditions report re-run your application with 'debug' enabled.
2022-11-11 14:03:29 [main] ERROR o.s.boot.SpringApplication - Application run failed
java.lang.IllegalStateException: Failed to execute CommandLineRunner
	at org.springframework.boot.SpringApplication.callRunner(SpringApplication.java:774)
	at org.springframework.boot.SpringApplication.callRunners(SpringApplication.java:755)
	at org.springframework.boot.SpringApplication.run(SpringApplication.java:315)
	at org.springframework.boot.SpringApplication.run(SpringApplication.java:1306)
	at org.springframework.boot.SpringApplication.run(SpringApplication.java:1295)
	at br.com.rodrigosieja.twitter_to_kafka.TwitterToKafkaServiceApplication.main(TwitterToKafkaServiceApplication.java:30)
Caused by: java.lang.NullPointerException: Cannot invoke "twitter4j.TwitterV2.getTweets(long[], String, String, String, String, String, String)" because "this.v2" is null
	at br.com.rodrigosieja.twitter_to_kafka.runner.impl.TwitterKafkaStreamRunner.getTweets(TwitterKafkaStreamRunner.java:65)
	at br.com.rodrigosieja.twitter_to_kafka.TwitterToKafkaServiceApplication.run(TwitterToKafkaServiceApplication.java:41)
	at org.springframework.boot.SpringApplication.callRunner(SpringApplication.java:771)
	... 5 common frames omitted
2022-11-11 14:04:31 [main] INFO  b.c.r.t.TwitterToKafkaServiceApplication - Starting TwitterToKafkaServiceApplication using Java 19 on DESKTOP-AM5A4VP with PID 22084 (D:\TI\Event-Driven Microservices Udemy Course\microservices-demo\twitter-to-kafka-service\target\classes started by rodri in D:\TI\Event-Driven Microservices Udemy Course\microservices-demo)
2022-11-11 14:04:31 [main] INFO  b.c.r.t.TwitterToKafkaServiceApplication - No active profile set, falling back to 1 default profile: "default"
2022-11-11 14:04:32 [main] INFO  b.c.r.t.TwitterToKafkaServiceApplication - Started TwitterToKafkaServiceApplication in 1.001 seconds (JVM running for 1.535)
2022-11-11 14:04:32 [main] INFO  b.c.r.t.TwitterToKafkaServiceApplication - TwitterToKafkaService starts
2022-11-11 14:04:32 [main] INFO  b.c.r.t.TwitterToKafkaServiceApplication - [Java, Microservices, Spring, Kafka, Elasticsearch]
2022-11-11 14:04:32 [main] INFO  b.c.r.t.TwitterToKafkaServiceApplication - Welcome message: huehuehue brbr
2022-11-11 14:04:32 [main] INFO  b.c.r.t.r.i.TwitterKafkaStreamRunner - Started filtering Twitter stream for keywords [Java, Microservices, Spring, Kafka, Elasticsearch]
2022-11-11 14:04:32 [Twitter Stream consumer /  [1][initializing]] INFO  twitter4j.TwitterStreamImpl - Establishing connection.
2022-11-11 14:04:33 [main] INFO  o.s.b.a.l.ConditionEvaluationReportLoggingListener - 

Error starting ApplicationContext. To display the conditions report re-run your application with 'debug' enabled.
2022-11-11 14:04:33 [main] ERROR o.s.boot.SpringApplication - Application run failed
java.lang.IllegalStateException: Failed to execute CommandLineRunner
	at org.springframework.boot.SpringApplication.callRunner(SpringApplication.java:774)
	at org.springframework.boot.SpringApplication.callRunners(SpringApplication.java:755)
	at org.springframework.boot.SpringApplication.run(SpringApplication.java:315)
	at org.springframework.boot.SpringApplication.run(SpringApplication.java:1306)
	at org.springframework.boot.SpringApplication.run(SpringApplication.java:1295)
	at br.com.rodrigosieja.twitter_to_kafka.TwitterToKafkaServiceApplication.main(TwitterToKafkaServiceApplication.java:32)
Caused by: twitter4j.TwitterException: 400:The request was invalid. An accompanying error message will explain why. This is the status code will be returned during version 1.0 rate limiting(https://dev.twitter.com/pages/rate-limiting). In API v1.1, a request without authentication is considered invalid and you will get this response.
{"errors":[{"parameters":{"tweet.fields":["attachment"]},"message":"The `tweet.fields` query parameter value [attachment] is not one of [attachments,author_id,context_annotations,conversation_id,created_at,edit_controls,edit_history_tweet_ids,entities,geo,id,in_reply_to_user_id,lang,non_public_metrics,organic_metrics,possibly_sensitive,promoted_metrics,public_metrics,referenced_tweets,reply_settings,source,text,withheld]"}],"title":"Invalid Request","detail":"One or more parameters to your request was invalid.","type":"https://api.twitter.com/2/problems/invalid-request"}

	at twitter4j.HttpClientImpl.handleRequest(HttpClientImpl.java:170)
	at twitter4j.HttpClientBase.request(HttpClientBase.java:57)
	at twitter4j.HttpClientBase.get(HttpClientBase.java:75)
	at twitter4j.TwitterV2Impl.get(TwitterV2Impl.kt:1393)
	at twitter4j.TwitterV2Impl.getTweets(TwitterV2Impl.kt:32)
	at br.com.rodrigosieja.twitter_to_kafka.runner.impl.TwitterKafkaStreamRunner.getTweets(TwitterKafkaStreamRunner.java:65)
	at br.com.rodrigosieja.twitter_to_kafka.TwitterToKafkaServiceApplication.run(TwitterToKafkaServiceApplication.java:43)
	at org.springframework.boot.SpringApplication.callRunner(SpringApplication.java:771)
	... 5 common frames omitted
2022-11-11 14:04:33 [main] INFO  b.c.r.t.r.i.TwitterKafkaStreamRunner - Closing Twitter stream
2022-11-11 14:04:33 [Twitter Stream consumer /  [1][Disposing thread]] INFO  twitter4j.TwitterStreamImpl - 403:The request is understood, but it has been refused. An accompanying error message will explain why. This code is used when requests are being denied due to update limits (https://support.twitter.com/articles/15364-about-twitter-limits-update-api-dm-and-following).
message - You currently have Essential access which includes access to Twitter API v2 endpoints only. If you need access to this endpoint, you’ll need to apply for Elevated access via the Developer Portal. You can learn more here: https://developer.twitter.com/en/docs/twitter-api/getting-started/about-twitter-api#v2-access-leve
code - 453

2022-11-11 14:05:12 [main] INFO  b.c.r.t.TwitterToKafkaServiceApplication - Starting TwitterToKafkaServiceApplication using Java 19 on DESKTOP-AM5A4VP with PID 10068 (D:\TI\Event-Driven Microservices Udemy Course\microservices-demo\twitter-to-kafka-service\target\classes started by rodri in D:\TI\Event-Driven Microservices Udemy Course\microservices-demo)
2022-11-11 14:05:12 [main] INFO  b.c.r.t.TwitterToKafkaServiceApplication - No active profile set, falling back to 1 default profile: "default"
2022-11-11 14:05:12 [main] INFO  b.c.r.t.TwitterToKafkaServiceApplication - Started TwitterToKafkaServiceApplication in 1.015 seconds (JVM running for 1.534)
2022-11-11 14:05:12 [main] INFO  b.c.r.t.TwitterToKafkaServiceApplication - TwitterToKafkaService starts
2022-11-11 14:05:12 [main] INFO  b.c.r.t.TwitterToKafkaServiceApplication - [Java, Microservices, Spring, Kafka, Elasticsearch]
2022-11-11 14:05:12 [main] INFO  b.c.r.t.TwitterToKafkaServiceApplication - Welcome message: huehuehue brbr
2022-11-11 14:05:12 [main] INFO  b.c.r.t.r.i.TwitterKafkaStreamRunner - Started filtering Twitter stream for keywords [Java, Microservices, Spring, Kafka, Elasticsearch]
2022-11-11 14:05:12 [Twitter Stream consumer /  [1][initializing]] INFO  twitter4j.TwitterStreamImpl - Establishing connection.
2022-11-11 14:05:12 [main] INFO  o.s.b.a.l.ConditionEvaluationReportLoggingListener - 

Error starting ApplicationContext. To display the conditions report re-run your application with 'debug' enabled.
2022-11-11 14:05:12 [main] ERROR o.s.boot.SpringApplication - Application run failed
java.lang.IllegalStateException: Failed to execute CommandLineRunner
	at org.springframework.boot.SpringApplication.callRunner(SpringApplication.java:774)
	at org.springframework.boot.SpringApplication.callRunners(SpringApplication.java:755)
	at org.springframework.boot.SpringApplication.run(SpringApplication.java:315)
	at org.springframework.boot.SpringApplication.run(SpringApplication.java:1306)
	at org.springframework.boot.SpringApplication.run(SpringApplication.java:1295)
	at br.com.rodrigosieja.twitter_to_kafka.TwitterToKafkaServiceApplication.main(TwitterToKafkaServiceApplication.java:32)
Caused by: java.lang.NullPointerException: Parameter specified as non-null is null: method twitter4j.TwitterV2Impl.getTweets, parameter expansions
	at twitter4j.TwitterV2Impl.getTweets(TwitterV2Impl.kt)
	at br.com.rodrigosieja.twitter_to_kafka.runner.impl.TwitterKafkaStreamRunner.getTweets(TwitterKafkaStreamRunner.java:65)
	at br.com.rodrigosieja.twitter_to_kafka.TwitterToKafkaServiceApplication.run(TwitterToKafkaServiceApplication.java:43)
	at org.springframework.boot.SpringApplication.callRunner(SpringApplication.java:771)
	... 5 common frames omitted
2022-11-11 14:05:12 [main] INFO  b.c.r.t.r.i.TwitterKafkaStreamRunner - Closing Twitter stream
2022-11-11 14:05:13 [Twitter Stream consumer /  [1][Disposing thread]] INFO  twitter4j.TwitterStreamImpl - 403:The request is understood, but it has been refused. An accompanying error message will explain why. This code is used when requests are being denied due to update limits (https://support.twitter.com/articles/15364-about-twitter-limits-update-api-dm-and-following).
message - You currently have Essential access which includes access to Twitter API v2 endpoints only. If you need access to this endpoint, you’ll need to apply for Elevated access via the Developer Portal. You can learn more here: https://developer.twitter.com/en/docs/twitter-api/getting-started/about-twitter-api#v2-access-leve
code - 453

2022-11-11 14:05:21 [main] INFO  b.c.r.t.TwitterToKafkaServiceApplication - Starting TwitterToKafkaServiceApplication using Java 19 on DESKTOP-AM5A4VP with PID 10056 (D:\TI\Event-Driven Microservices Udemy Course\microservices-demo\twitter-to-kafka-service\target\classes started by rodri in D:\TI\Event-Driven Microservices Udemy Course\microservices-demo)
2022-11-11 14:05:21 [main] INFO  b.c.r.t.TwitterToKafkaServiceApplication - No active profile set, falling back to 1 default profile: "default"
2022-11-11 14:05:21 [main] INFO  b.c.r.t.TwitterToKafkaServiceApplication - Started TwitterToKafkaServiceApplication in 0.988 seconds (JVM running for 1.501)
2022-11-11 14:05:21 [main] INFO  b.c.r.t.TwitterToKafkaServiceApplication - TwitterToKafkaService starts
2022-11-11 14:05:21 [main] INFO  b.c.r.t.TwitterToKafkaServiceApplication - [Java, Microservices, Spring, Kafka, Elasticsearch]
2022-11-11 14:05:21 [main] INFO  b.c.r.t.TwitterToKafkaServiceApplication - Welcome message: huehuehue brbr
2022-11-11 14:05:22 [main] INFO  b.c.r.t.r.i.TwitterKafkaStreamRunner - Started filtering Twitter stream for keywords [Java, Microservices, Spring, Kafka, Elasticsearch]
2022-11-11 14:05:22 [Twitter Stream consumer /  [1][initializing]] INFO  twitter4j.TwitterStreamImpl - Establishing connection.
2022-11-11 14:05:22 [Twitter Stream consumer /  [1][Establishing connection]] INFO  twitter4j.TwitterStreamImpl - 403:The request is understood, but it has been refused. An accompanying error message will explain why. This code is used when requests are being denied due to update limits (https://support.twitter.com/articles/15364-about-twitter-limits-update-api-dm-and-following).
message - You currently have Essential access which includes access to Twitter API v2 endpoints only. If you need access to this endpoint, you’ll need to apply for Elevated access via the Developer Portal. You can learn more here: https://developer.twitter.com/en/docs/twitter-api/getting-started/about-twitter-api#v2-access-leve
code - 453

2022-11-11 14:05:22 [Twitter Stream consumer /  [1][Establishing connection]] WARN  twitter4j.TwitterStreamImpl - This account is not in required role. 403:The request is understood, but it has been refused. An accompanying error message will explain why. This code is used when requests are being denied due to update limits (https://support.twitter.com/articles/15364-about-twitter-limits-update-api-dm-and-following).
message - You currently have Essential access which includes access to Twitter API v2 endpoints only. If you need access to this endpoint, you’ll need to apply for Elevated access via the Developer Portal. You can learn more here: https://developer.twitter.com/en/docs/twitter-api/getting-started/about-twitter-api#v2-access-leve
code - 453

2022-11-11 14:05:22 [SpringApplicationShutdownHook] INFO  b.c.r.t.r.i.TwitterKafkaStreamRunner - Closing Twitter stream
2022-11-11 14:05:47 [main] INFO  b.c.r.t.TwitterToKafkaServiceApplication - Starting TwitterToKafkaServiceApplication using Java 19 on DESKTOP-AM5A4VP with PID 3492 (D:\TI\Event-Driven Microservices Udemy Course\microservices-demo\twitter-to-kafka-service\target\classes started by rodri in D:\TI\Event-Driven Microservices Udemy Course\microservices-demo)
2022-11-11 14:05:47 [main] INFO  b.c.r.t.TwitterToKafkaServiceApplication - No active profile set, falling back to 1 default profile: "default"
2022-11-11 14:05:48 [main] INFO  b.c.r.t.TwitterToKafkaServiceApplication - Started TwitterToKafkaServiceApplication in 0.985 seconds (JVM running for 1.5)
2022-11-11 14:05:48 [main] INFO  b.c.r.t.TwitterToKafkaServiceApplication - TwitterToKafkaService starts
2022-11-11 14:05:48 [main] INFO  b.c.r.t.TwitterToKafkaServiceApplication - [Java, Microservices, Spring, Kafka, Elasticsearch]
2022-11-11 14:05:48 [main] INFO  b.c.r.t.TwitterToKafkaServiceApplication - Welcome message: huehuehue brbr
2022-11-11 14:07:03 [main] INFO  b.c.r.t.TwitterToKafkaServiceApplication - Starting TwitterToKafkaServiceApplication using Java 19 on DESKTOP-AM5A4VP with PID 3004 (D:\TI\Event-Driven Microservices Udemy Course\microservices-demo\twitter-to-kafka-service\target\classes started by rodri in D:\TI\Event-Driven Microservices Udemy Course\microservices-demo)
2022-11-11 14:07:03 [main] INFO  b.c.r.t.TwitterToKafkaServiceApplication - No active profile set, falling back to 1 default profile: "default"
2022-11-11 14:07:03 [main] INFO  b.c.r.t.TwitterToKafkaServiceApplication - Started TwitterToKafkaServiceApplication in 0.974 seconds (JVM running for 1.487)
2022-11-11 14:07:03 [main] INFO  b.c.r.t.TwitterToKafkaServiceApplication - TwitterToKafkaService starts
2022-11-11 14:07:03 [main] INFO  b.c.r.t.TwitterToKafkaServiceApplication - [Java, Microservices, Spring, Kafka, Elasticsearch]
2022-11-11 14:07:03 [main] INFO  b.c.r.t.TwitterToKafkaServiceApplication - Welcome message: huehuehue brbr
2022-11-11 14:07:04 [main] INFO  b.c.r.t.TwitterToKafkaServiceApplication - コスプレ体験エリアすごかったなぁ！#超会議2022 https://t.co/BK6iAsT2qE
2022-11-11 14:42:37 [main] INFO  b.c.r.t.TwitterToKafkaServiceApplication - Starting TwitterToKafkaServiceApplication using Java 19 on DESKTOP-AM5A4VP with PID 15248 (D:\TI\Event-Driven Microservices Udemy Course\microservices-demo\twitter-to-kafka-service\target\classes started by rodri in D:\TI\Event-Driven Microservices Udemy Course\microservices-demo)
2022-11-11 14:42:37 [main] INFO  b.c.r.t.TwitterToKafkaServiceApplication - No active profile set, falling back to 1 default profile: "default"
2022-11-11 14:42:38 [main] INFO  b.c.r.t.TwitterToKafkaServiceApplication - Started TwitterToKafkaServiceApplication in 1.289 seconds (JVM running for 1.94)
2022-11-11 14:42:38 [main] INFO  b.c.r.t.TwitterToKafkaServiceApplication - TwitterToKafkaService starts
2022-11-11 14:42:38 [main] INFO  b.c.r.t.TwitterToKafkaServiceApplication - [Java, Microservices, Spring, Kafka, Elasticsearch, ]
2022-11-11 14:42:38 [main] INFO  b.c.r.t.TwitterToKafkaServiceApplication - Welcome message: Hello, microservices!
2022-11-11 14:42:38 [main] INFO  b.c.r.t.r.i.TwitterV2KafkaStreamRunner - Created filter for twitter stream for keywords: [Java, Microservices, Spring, Kafka, Elasticsearch, ]
2022-11-11 14:42:39 [main] INFO  o.s.b.a.l.ConditionEvaluationReportLoggingListener - 

Error starting ApplicationContext. To display the conditions report re-run your application with 'debug' enabled.
2022-11-11 14:42:39 [main] ERROR o.s.boot.SpringApplication - Application run failed
java.lang.IllegalStateException: Failed to execute CommandLineRunner
	at org.springframework.boot.SpringApplication.callRunner(SpringApplication.java:774)
	at org.springframework.boot.SpringApplication.callRunners(SpringApplication.java:755)
	at org.springframework.boot.SpringApplication.run(SpringApplication.java:315)
	at org.springframework.boot.SpringApplication.run(SpringApplication.java:1306)
	at org.springframework.boot.SpringApplication.run(SpringApplication.java:1295)
	at br.com.rodrigosieja.twitter_to_kafka.TwitterToKafkaServiceApplication.main(TwitterToKafkaServiceApplication.java:31)
Caused by: org.json.JSONException: A JSONObject text must begin with '{' at 0 [character 1 line 1]
	at org.json.JSONTokener.syntaxError(JSONTokener.java:521)
	at org.json.JSONObject.<init>(JSONObject.java:225)
	at org.json.JSONObject.<init>(JSONObject.java:421)
	at br.com.rodrigosieja.twitter_to_kafka.runner.impl.TwitterV2StreamHelper.getRules(TwitterV2StreamHelper.java:156)
	at br.com.rodrigosieja.twitter_to_kafka.runner.impl.TwitterV2StreamHelper.setupRules(TwitterV2StreamHelper.java:106)
	at br.com.rodrigosieja.twitter_to_kafka.runner.impl.TwitterV2KafkaStreamRunner.start(TwitterV2KafkaStreamRunner.java:38)
	at br.com.rodrigosieja.twitter_to_kafka.TwitterToKafkaServiceApplication.run(TwitterToKafkaServiceApplication.java:40)
	at org.springframework.boot.SpringApplication.callRunner(SpringApplication.java:771)
	... 5 common frames omitted
2022-11-11 14:46:12 [main] INFO  b.c.r.t.TwitterToKafkaServiceApplication - Starting TwitterToKafkaServiceApplication using Java 19 on DESKTOP-AM5A4VP with PID 21264 (D:\TI\Event-Driven Microservices Udemy Course\microservices-demo\twitter-to-kafka-service\target\classes started by rodri in D:\TI\Event-Driven Microservices Udemy Course\microservices-demo)
2022-11-11 14:46:12 [main] INFO  b.c.r.t.TwitterToKafkaServiceApplication - No active profile set, falling back to 1 default profile: "default"
2022-11-11 14:46:12 [main] INFO  b.c.r.t.TwitterToKafkaServiceApplication - Started TwitterToKafkaServiceApplication in 1.038 seconds (JVM running for 1.559)
2022-11-11 14:46:12 [main] INFO  b.c.r.t.TwitterToKafkaServiceApplication - TwitterToKafkaService starts
2022-11-11 14:46:12 [main] INFO  b.c.r.t.TwitterToKafkaServiceApplication - [Java, Microservices, Spring, Kafka, Elasticsearch, ]
2022-11-11 14:46:12 [main] INFO  b.c.r.t.TwitterToKafkaServiceApplication - Welcome message: Hello, microservices!
2022-11-11 14:46:12 [main] INFO  b.c.r.t.r.i.TwitterV2KafkaStreamRunner - Created filter for twitter stream for keywords: [Java, Microservices, Spring, Kafka, Elasticsearch, ]
2022-11-11 14:46:13 [main] INFO  o.s.b.a.l.ConditionEvaluationReportLoggingListener - 

Error starting ApplicationContext. To display the conditions report re-run your application with 'debug' enabled.
2022-11-11 14:46:13 [main] ERROR o.s.boot.SpringApplication - Application run failed
java.lang.IllegalStateException: Failed to execute CommandLineRunner
	at org.springframework.boot.SpringApplication.callRunner(SpringApplication.java:774)
	at org.springframework.boot.SpringApplication.callRunners(SpringApplication.java:755)
	at org.springframework.boot.SpringApplication.run(SpringApplication.java:315)
	at org.springframework.boot.SpringApplication.run(SpringApplication.java:1306)
	at org.springframework.boot.SpringApplication.run(SpringApplication.java:1295)
	at br.com.rodrigosieja.twitter_to_kafka.TwitterToKafkaServiceApplication.main(TwitterToKafkaServiceApplication.java:31)
Caused by: org.json.JSONException: A JSONObject text must begin with '{' at 0 [character 1 line 1]
	at org.json.JSONTokener.syntaxError(JSONTokener.java:521)
	at org.json.JSONObject.<init>(JSONObject.java:225)
	at org.json.JSONObject.<init>(JSONObject.java:421)
	at br.com.rodrigosieja.twitter_to_kafka.runner.impl.TwitterV2StreamHelper.getRules(TwitterV2StreamHelper.java:156)
	at br.com.rodrigosieja.twitter_to_kafka.runner.impl.TwitterV2StreamHelper.setupRules(TwitterV2StreamHelper.java:106)
	at br.com.rodrigosieja.twitter_to_kafka.runner.impl.TwitterV2KafkaStreamRunner.start(TwitterV2KafkaStreamRunner.java:38)
	at br.com.rodrigosieja.twitter_to_kafka.TwitterToKafkaServiceApplication.run(TwitterToKafkaServiceApplication.java:40)
	at org.springframework.boot.SpringApplication.callRunner(SpringApplication.java:771)
	... 5 common frames omitted
2022-11-11 14:46:27 [main] INFO  b.c.r.t.TwitterToKafkaServiceApplication - Starting TwitterToKafkaServiceApplication using Java 19 on DESKTOP-AM5A4VP with PID 17536 (D:\TI\Event-Driven Microservices Udemy Course\microservices-demo\twitter-to-kafka-service\target\classes started by rodri in D:\TI\Event-Driven Microservices Udemy Course\microservices-demo)
2022-11-11 14:46:27 [main] INFO  b.c.r.t.TwitterToKafkaServiceApplication - No active profile set, falling back to 1 default profile: "default"
2022-11-11 14:46:28 [main] INFO  b.c.r.t.TwitterToKafkaServiceApplication - Started TwitterToKafkaServiceApplication in 1.135 seconds (JVM running for 2.12)
2022-11-11 14:46:28 [main] INFO  b.c.r.t.TwitterToKafkaServiceApplication - TwitterToKafkaService starts
2022-11-11 14:46:28 [main] INFO  b.c.r.t.TwitterToKafkaServiceApplication - [Java, Microservices, Spring, Kafka, Elasticsearch, ]
2022-11-11 14:46:28 [main] INFO  b.c.r.t.TwitterToKafkaServiceApplication - Welcome message: Hello, microservices!
2022-11-11 14:46:28 [main] INFO  b.c.r.t.r.i.TwitterV2KafkaStreamRunner - Created filter for twitter stream for keywords: [Java, Microservices, Spring, Kafka, Elasticsearch, ]
2022-11-11 14:46:34 [main] INFO  o.s.b.a.l.ConditionEvaluationReportLoggingListener - 

Error starting ApplicationContext. To display the conditions report re-run your application with 'debug' enabled.
2022-11-11 14:46:34 [main] ERROR o.s.boot.SpringApplication - Application run failed
java.lang.IllegalStateException: Failed to execute CommandLineRunner
	at org.springframework.boot.SpringApplication.callRunner(SpringApplication.java:774)
	at org.springframework.boot.SpringApplication.callRunners(SpringApplication.java:755)
	at org.springframework.boot.SpringApplication.run(SpringApplication.java:315)
	at org.springframework.boot.SpringApplication.run(SpringApplication.java:1306)
	at org.springframework.boot.SpringApplication.run(SpringApplication.java:1295)
	at br.com.rodrigosieja.twitter_to_kafka.TwitterToKafkaServiceApplication.main(TwitterToKafkaServiceApplication.java:31)
Caused by: org.json.JSONException: A JSONObject text must begin with '{' at 0 [character 1 line 1]
	at org.json.JSONTokener.syntaxError(JSONTokener.java:521)
	at org.json.JSONObject.<init>(JSONObject.java:225)
	at org.json.JSONObject.<init>(JSONObject.java:421)
	at br.com.rodrigosieja.twitter_to_kafka.runner.impl.TwitterV2StreamHelper.getRules(TwitterV2StreamHelper.java:156)
	at br.com.rodrigosieja.twitter_to_kafka.runner.impl.TwitterV2StreamHelper.setupRules(TwitterV2StreamHelper.java:106)
	at br.com.rodrigosieja.twitter_to_kafka.runner.impl.TwitterV2KafkaStreamRunner.start(TwitterV2KafkaStreamRunner.java:38)
	at br.com.rodrigosieja.twitter_to_kafka.TwitterToKafkaServiceApplication.run(TwitterToKafkaServiceApplication.java:40)
	at org.springframework.boot.SpringApplication.callRunner(SpringApplication.java:771)
	... 5 common frames omitted
2022-11-11 15:26:03 [main] INFO  b.c.r.t.TwitterToKafkaServiceApplication - Starting TwitterToKafkaServiceApplication using Java 19 on DESKTOP-AM5A4VP with PID 10892 (D:\TI\Event-Driven Microservices Udemy Course\microservices-demo\twitter-to-kafka-service\target\classes started by rodri in D:\TI\Event-Driven Microservices Udemy Course\microservices-demo)
2022-11-11 15:26:03 [main] INFO  b.c.r.t.TwitterToKafkaServiceApplication - No active profile set, falling back to 1 default profile: "default"
2022-11-11 15:26:03 [main] INFO  b.c.r.t.TwitterToKafkaServiceApplication - Started TwitterToKafkaServiceApplication in 0.982 seconds (JVM running for 1.521)
2022-11-11 15:26:03 [main] INFO  b.c.r.t.TwitterToKafkaServiceApplication - TwitterToKafkaService starts
2022-11-11 15:26:03 [main] INFO  b.c.r.t.TwitterToKafkaServiceApplication - [Java, Microservices, Spring, Kafka, Elasticsearch, ]
2022-11-11 15:26:03 [main] INFO  b.c.r.t.TwitterToKafkaServiceApplication - Welcome message: Hello, microservices!
2022-11-11 15:26:03 [main] INFO  b.c.r.t.r.i.TwitterV2KafkaStreamRunner - Created filter for twitter stream for keywords: [Java, Microservices, Spring, Kafka, Elasticsearch, ]
2022-11-11 15:26:04 [main] ERROR b.c.r.t.r.i.TwitterV2KafkaStreamRunner - Error streaming tweets!
java.net.UnknownHostException: Este host não é conhecido (api.twitter.com)
	at java.base/java.net.Inet6AddressImpl.lookupAllHostAddr(Native Method)
	at java.base/java.net.Inet6AddressImpl.lookupAllHostAddr(Inet6AddressImpl.java:52)
	at java.base/java.net.InetAddress$PlatformResolver.lookupByName(InetAddress.java:1059)
	at java.base/java.net.InetAddress.getAddressesFromNameService(InetAddress.java:1668)
	at java.base/java.net.InetAddress$NameServiceAddresses.get(InetAddress.java:1003)
	at java.base/java.net.InetAddress.getAllByName0(InetAddress.java:1658)
	at java.base/java.net.InetAddress.getAllByName(InetAddress.java:1524)
	at org.apache.http.impl.conn.SystemDefaultDnsResolver.resolve(SystemDefaultDnsResolver.java:45)
	at org.apache.http.impl.conn.DefaultHttpClientConnectionOperator.connect(DefaultHttpClientConnectionOperator.java:112)
	at org.apache.http.impl.conn.PoolingHttpClientConnectionManager.connect(PoolingHttpClientConnectionManager.java:376)
	at org.apache.http.impl.execchain.MainClientExec.establishRoute(MainClientExec.java:393)
	at org.apache.http.impl.execchain.MainClientExec.execute(MainClientExec.java:236)
	at org.apache.http.impl.execchain.ProtocolExec.execute(ProtocolExec.java:186)
	at org.apache.http.impl.execchain.RetryExec.execute(RetryExec.java:89)
	at org.apache.http.impl.execchain.RedirectExec.execute(RedirectExec.java:110)
	at org.apache.http.impl.client.InternalHttpClient.doExecute(InternalHttpClient.java:185)
	at org.apache.http.impl.client.CloseableHttpClient.execute(CloseableHttpClient.java:83)
	at org.apache.http.impl.client.CloseableHttpClient.execute(CloseableHttpClient.java:108)
	at org.apache.http.impl.client.CloseableHttpClient.execute(CloseableHttpClient.java:56)
	at br.com.rodrigosieja.twitter_to_kafka.runner.impl.TwitterV2StreamHelper.getRules(TwitterV2StreamHelper.java:153)
	at br.com.rodrigosieja.twitter_to_kafka.runner.impl.TwitterV2StreamHelper.setupRules(TwitterV2StreamHelper.java:106)
	at br.com.rodrigosieja.twitter_to_kafka.runner.impl.TwitterV2KafkaStreamRunner.start(TwitterV2KafkaStreamRunner.java:38)
	at br.com.rodrigosieja.twitter_to_kafka.TwitterToKafkaServiceApplication.run(TwitterToKafkaServiceApplication.java:40)
	at org.springframework.boot.SpringApplication.callRunner(SpringApplication.java:771)
	at org.springframework.boot.SpringApplication.callRunners(SpringApplication.java:755)
	at org.springframework.boot.SpringApplication.run(SpringApplication.java:315)
	at org.springframework.boot.SpringApplication.run(SpringApplication.java:1306)
	at org.springframework.boot.SpringApplication.run(SpringApplication.java:1295)
	at br.com.rodrigosieja.twitter_to_kafka.TwitterToKafkaServiceApplication.main(TwitterToKafkaServiceApplication.java:31)
2022-11-11 15:26:04 [main] INFO  o.s.b.a.l.ConditionEvaluationReportLoggingListener - 

Error starting ApplicationContext. To display the conditions report re-run your application with 'debug' enabled.
2022-11-11 15:26:04 [main] ERROR o.s.boot.SpringApplication - Application run failed
java.lang.IllegalStateException: Failed to execute CommandLineRunner
	at org.springframework.boot.SpringApplication.callRunner(SpringApplication.java:774)
	at org.springframework.boot.SpringApplication.callRunners(SpringApplication.java:755)
	at org.springframework.boot.SpringApplication.run(SpringApplication.java:315)
	at org.springframework.boot.SpringApplication.run(SpringApplication.java:1306)
	at org.springframework.boot.SpringApplication.run(SpringApplication.java:1295)
	at br.com.rodrigosieja.twitter_to_kafka.TwitterToKafkaServiceApplication.main(TwitterToKafkaServiceApplication.java:31)
Caused by: java.lang.RuntimeException: Error streaming tweets!
	at br.com.rodrigosieja.twitter_to_kafka.runner.impl.TwitterV2KafkaStreamRunner.start(TwitterV2KafkaStreamRunner.java:42)
	at br.com.rodrigosieja.twitter_to_kafka.TwitterToKafkaServiceApplication.run(TwitterToKafkaServiceApplication.java:40)
	at org.springframework.boot.SpringApplication.callRunner(SpringApplication.java:771)
	... 5 common frames omitted
Caused by: java.net.UnknownHostException: Este host não é conhecido (api.twitter.com)
	at java.base/java.net.Inet6AddressImpl.lookupAllHostAddr(Native Method)
	at java.base/java.net.Inet6AddressImpl.lookupAllHostAddr(Inet6AddressImpl.java:52)
	at java.base/java.net.InetAddress$PlatformResolver.lookupByName(InetAddress.java:1059)
	at java.base/java.net.InetAddress.getAddressesFromNameService(InetAddress.java:1668)
	at java.base/java.net.InetAddress$NameServiceAddresses.get(InetAddress.java:1003)
	at java.base/java.net.InetAddress.getAllByName0(InetAddress.java:1658)
	at java.base/java.net.InetAddress.getAllByName(InetAddress.java:1524)
	at org.apache.http.impl.conn.SystemDefaultDnsResolver.resolve(SystemDefaultDnsResolver.java:45)
	at org.apache.http.impl.conn.DefaultHttpClientConnectionOperator.connect(DefaultHttpClientConnectionOperator.java:112)
	at org.apache.http.impl.conn.PoolingHttpClientConnectionManager.connect(PoolingHttpClientConnectionManager.java:376)
	at org.apache.http.impl.execchain.MainClientExec.establishRoute(MainClientExec.java:393)
	at org.apache.http.impl.execchain.MainClientExec.execute(MainClientExec.java:236)
	at org.apache.http.impl.execchain.ProtocolExec.execute(ProtocolExec.java:186)
	at org.apache.http.impl.execchain.RetryExec.execute(RetryExec.java:89)
	at org.apache.http.impl.execchain.RedirectExec.execute(RedirectExec.java:110)
	at org.apache.http.impl.client.InternalHttpClient.doExecute(InternalHttpClient.java:185)
	at org.apache.http.impl.client.CloseableHttpClient.execute(CloseableHttpClient.java:83)
	at org.apache.http.impl.client.CloseableHttpClient.execute(CloseableHttpClient.java:108)
	at org.apache.http.impl.client.CloseableHttpClient.execute(CloseableHttpClient.java:56)
	at br.com.rodrigosieja.twitter_to_kafka.runner.impl.TwitterV2StreamHelper.getRules(TwitterV2StreamHelper.java:153)
	at br.com.rodrigosieja.twitter_to_kafka.runner.impl.TwitterV2StreamHelper.setupRules(TwitterV2StreamHelper.java:106)
	at br.com.rodrigosieja.twitter_to_kafka.runner.impl.TwitterV2KafkaStreamRunner.start(TwitterV2KafkaStreamRunner.java:38)
	... 7 common frames omitted
2022-11-11 15:27:06 [main] INFO  b.c.r.t.TwitterToKafkaServiceApplication - Starting TwitterToKafkaServiceApplication using Java 19 on DESKTOP-AM5A4VP with PID 13672 (D:\TI\Event-Driven Microservices Udemy Course\microservices-demo\twitter-to-kafka-service\target\classes started by rodri in D:\TI\Event-Driven Microservices Udemy Course\microservices-demo)
2022-11-11 15:27:06 [main] INFO  b.c.r.t.TwitterToKafkaServiceApplication - No active profile set, falling back to 1 default profile: "default"
2022-11-11 15:27:06 [main] INFO  b.c.r.t.TwitterToKafkaServiceApplication - Started TwitterToKafkaServiceApplication in 0.951 seconds (JVM running for 1.442)
2022-11-11 15:27:06 [main] INFO  b.c.r.t.TwitterToKafkaServiceApplication - TwitterToKafkaService starts
2022-11-11 15:27:06 [main] INFO  b.c.r.t.TwitterToKafkaServiceApplication - [Java, Microservices, Spring, Kafka, Elasticsearch, ]
2022-11-11 15:27:06 [main] INFO  b.c.r.t.TwitterToKafkaServiceApplication - Welcome message: Hello, microservices!
2022-11-11 15:27:06 [main] INFO  b.c.r.t.r.impl.MockKafkaStreamRunner - Started mock filtering for keywords [Java, Microservices, Spring, Kafka, Elasticsearch, ]
2022-11-11 15:27:06 [pool-1-thread-1] INFO  b.c.r.t.l.TwitterKafkaStatusListener - Twitter status with text lorem lorem dolor ipsum ipsum amet ipsum Kafka lorem ipsum amet lorem dolor
